Using pre-set license
Built from '2020.3/staging' branch; Version is '2020.3.14f1 (d0d1bb862f9d) revision 13685179'; Using compiler version '192528614'; Build Type 'Release'
OS: 'Windows 10 Home; OS build 19043.1165; Version 2009; 64bit' Language: 'pl' Physical Memory: 14252 MB
BatchMode: 1, IsHumanControllingUs: 0, StartBugReporterOnCrash: 0, Is64bit: 1, IsPro: 0

 COMMAND LINE ARGUMENTS:
C:\Program Files\Unity\Hub\Editor\2020.3.14f1\Editor\Unity.exe
-adb2
-batchMode
-noUpm
-name
AssetImportWorker1
-projectPath
C:/Users/daria/Desktop/Inżynierka/2D-Maze-Game/2D Maze Game
-logFile
Logs/AssetImportWorker1.log
-srvPort
62198
Successfully changed project path to: C:/Users/daria/Desktop/Inżynierka/2D-Maze-Game/2D Maze Game
C:/Users/daria/Desktop/Inżynierka/2D-Maze-Game/2D Maze Game
Using Asset Import Pipeline V2.
Refreshing native plugins compatible for Editor in 173.26 ms, found 3 plugins.
Preloading 0 native plugins for Editor in 0.00 ms.
Initialize engine version: 2020.3.14f1 (d0d1bb862f9d)
[Subsystems] Discovering subsystems at path C:/Program Files/Unity/Hub/Editor/2020.3.14f1/Editor/Data/Resources/UnitySubsystems
[Subsystems] Discovering subsystems at path C:/Users/daria/Desktop/Inżynierka/2D-Maze-Game/2D Maze Game/Assets
GfxDevice: creating device client; threaded=0
Direct3D:
    Version:  Direct3D 11.0 [level 11.1]
    Renderer: AMD Radeon(TM) Vega 8 Graphics (ID=0x15d8)
    Vendor:   
    VRAM:     7126 MB
    Driver:   27.20.15002.1004
Initialize mono
Mono path[0] = 'C:/Program Files/Unity/Hub/Editor/2020.3.14f1/Editor/Data/Managed'
Mono path[1] = 'C:/Program Files/Unity/Hub/Editor/2020.3.14f1/Editor/Data/MonoBleedingEdge/lib/mono/unityjit'
Mono config path = 'C:/Program Files/Unity/Hub/Editor/2020.3.14f1/Editor/Data/MonoBleedingEdge/etc'
Using monoOptions --debugger-agent=transport=dt_socket,embedding=1,server=y,suspend=n,address=127.0.0.1:56564
Begin MonoManager ReloadAssembly
Registering precompiled unity dll's ...
Register platform support module: C:/Program Files/Unity/Hub/Editor/2020.3.14f1/Editor/Data/PlaybackEngines/WebGLSupport/UnityEditor.WebGL.Extensions.dll
Register platform support module: C:/Program Files/Unity/Hub/Editor/2020.3.14f1/Editor/Data/PlaybackEngines/WindowsStandaloneSupport/UnityEditor.WindowsStandalone.Extensions.dll
Registered in 0.006251 seconds.
Native extension for WindowsStandalone target not found
Native extension for WebGL target not found
Refreshing native plugins compatible for Editor in 90.37 ms, found 3 plugins.
Preloading 0 native plugins for Editor in 0.00 ms.
Mono: successfully reloaded assembly
- Completed reload, in  7.928 seconds
Domain Reload Profiling:
	ReloadAssembly (7928ms)
		BeginReloadAssembly (369ms)
			ExecutionOrderSort (0ms)
			DisableScriptedObjects (0ms)
			BackupInstance (0ms)
			ReleaseScriptingObjects (0ms)
			CreateAndSetChildDomain (4ms)
		EndReloadAssembly (1302ms)
			LoadAssemblies (347ms)
			RebuildTransferFunctionScriptingTraits (0ms)
			SetupTypeCache (501ms)
			ReleaseScriptCaches (0ms)
			RebuildScriptCaches (82ms)
			SetupLoadedEditorAssemblies (473ms)
				LogAssemblyErrors (0ms)
				InitializePlatformSupportModulesInManaged (11ms)
				SetLoadedEditorAssemblies (1ms)
				RefreshPlugins (91ms)
				BeforeProcessingInitializeOnLoad (41ms)
				ProcessInitializeOnLoadAttributes (246ms)
				ProcessInitializeOnLoadMethodAttributes (82ms)
				AfterProcessingInitializeOnLoad (0ms)
				EditorAssembliesLoaded (1ms)
			ExecutionOrderSort2 (0ms)
			AwakeInstancesAfterBackupRestoration (0ms)
Platform modules already initialized, skipping
Registering precompiled user dll's ...
Registered in 0.014928 seconds.
Begin MonoManager ReloadAssembly
Native extension for WindowsStandalone target not found
Native extension for WebGL target not found
Refreshing native plugins compatible for Editor in 125.48 ms, found 3 plugins.
Preloading 0 native plugins for Editor in 0.00 ms.
Mono: successfully reloaded assembly
- Completed reload, in  3.319 seconds
Domain Reload Profiling:
	ReloadAssembly (3322ms)
		BeginReloadAssembly (354ms)
			ExecutionOrderSort (0ms)
			DisableScriptedObjects (11ms)
			BackupInstance (0ms)
			ReleaseScriptingObjects (0ms)
			CreateAndSetChildDomain (46ms)
		EndReloadAssembly (2808ms)
			LoadAssemblies (217ms)
			RebuildTransferFunctionScriptingTraits (0ms)
			SetupTypeCache (812ms)
			ReleaseScriptCaches (1ms)
			RebuildScriptCaches (216ms)
			SetupLoadedEditorAssemblies (1187ms)
				LogAssemblyErrors (0ms)
				InitializePlatformSupportModulesInManaged (12ms)
				SetLoadedEditorAssemblies (1ms)
				RefreshPlugins (126ms)
				BeforeProcessingInitializeOnLoad (298ms)
				ProcessInitializeOnLoadAttributes (675ms)
				ProcessInitializeOnLoadMethodAttributes (47ms)
				AfterProcessingInitializeOnLoad (27ms)
				EditorAssembliesLoaded (1ms)
			ExecutionOrderSort2 (0ms)
			AwakeInstancesAfterBackupRestoration (23ms)
Platform modules already initialized, skipping
========================================================================
Worker process is ready to serve import requests
Launched and connected shader compiler UnityShaderCompiler.exe after 0.14 seconds
Refreshing native plugins compatible for Editor in 1.30 ms, found 3 plugins.
Preloading 0 native plugins for Editor in 0.00 ms.
Unloading 2095 Unused Serialized files (Serialized files now loaded: 0)
System memory in use before: 93.3 MB.
System memory in use after: 93.3 MB.

Unloading 33 unused Assets to reduce memory usage. Loaded Objects now: 2529.
Total: 9.240200 ms (FindLiveObjects: 0.795600 ms CreateObjectMapping: 0.213900 ms MarkObjects: 7.688900 ms  DeleteObjects: 0.536800 ms)

AssetImportParameters requested are different than current active one (requested -> active):
  custom:framework-win-MediaFoundation: 216162199b28c13a410421893ffa2e32 -> 
  custom:video-decoder-ogg-theora: a1e56fd34408186e4bbccfd4996cb3dc -> 
  custom:container-muxer-webm: aa71ff27fc2769a1b78a27578f13a17b -> 
  custom:container-demuxer-webm: 4f35f7cbe854078d1ac9338744f61a02 -> 
  custom:container-demuxer-ogg: 62fdf1f143b41e24485cea50d1cbac27 -> 
  custom:video-encoder-webm-vp8: eb34c28f22e8b96e1ab97ce403110664 -> 
  custom:video-decoder-webm-vp8: 9c59270c3fd7afecdb556c50c9e8de78 -> 
  custom:audio-decoder-ogg-vorbis: bf7c407c2cedff20999df2af8eb42d56 -> 
  custom:audio-encoder-webm-vorbis: bf7c407c2cedff20999df2af8eb42d56 -> 
========================================================================
Received Import Request.
  path: Assets/Scripts/Algorithm.cs
  artifactKey: Guid(2dc8ed6d975dac343a7791fdfe91385b) Importer(815301076,1909f56bfc062723c751e8b465ee728b)
Start importing Assets/Scripts/Algorithm.cs using Guid(2dc8ed6d975dac343a7791fdfe91385b) Importer(815301076,1909f56bfc062723c751e8b465ee728b)  -> (artifact id: '846de8ed439a0dc1f76b48ff60d79628') in 0.090237 seconds 
  Import took 0.099326 seconds .

========================================================================
Received Import Request.
  Time since last request: 3014.152762 seconds.
  path: Assets/Scripts/Room.cs
  artifactKey: Guid(530a3a01ef67f644a82d376dc35c1443) Importer(815301076,1909f56bfc062723c751e8b465ee728b)
Start importing Assets/Scripts/Room.cs using Guid(530a3a01ef67f644a82d376dc35c1443) Importer(815301076,1909f56bfc062723c751e8b465ee728b)  -> (artifact id: 'a7854f68e43f1cc83698a5257e2e4fe8') in 0.033527 seconds 
  Import took 0.045275 seconds .

========================================================================
Received Import Request.
  Time since last request: 34.327289 seconds.
  path: Assets/Scripts/Room.cs
  artifactKey: Guid(530a3a01ef67f644a82d376dc35c1443) Importer(815301076,1909f56bfc062723c751e8b465ee728b)
Start importing Assets/Scripts/Room.cs using Guid(530a3a01ef67f644a82d376dc35c1443) Importer(815301076,1909f56bfc062723c751e8b465ee728b)  -> (artifact id: '3d66b1b149013404752fa190a4000b54') in 0.022561 seconds 
  Import took 0.032834 seconds .

========================================================================
Received Import Request.
  Time since last request: 0.002776 seconds.
  path: Assets/Scripts/Room.cs
  artifactKey: Guid(530a3a01ef67f644a82d376dc35c1443) Importer(815301076,1909f56bfc062723c751e8b465ee728b)
Start importing Assets/Scripts/Room.cs using Guid(530a3a01ef67f644a82d376dc35c1443) Importer(815301076,1909f56bfc062723c751e8b465ee728b)  -> (artifact id: '3d66b1b149013404752fa190a4000b54') in 0.013468 seconds 
  Import took 0.020645 seconds .

========================================================================
Received Import Request.
  Time since last request: 26.632268 seconds.
  path: Assets/Scripts/Room.cs
  artifactKey: Guid(530a3a01ef67f644a82d376dc35c1443) Importer(815301076,1909f56bfc062723c751e8b465ee728b)
Start importing Assets/Scripts/Room.cs using Guid(530a3a01ef67f644a82d376dc35c1443) Importer(815301076,1909f56bfc062723c751e8b465ee728b)  -> (artifact id: '4ff1e0246e009f059693763597e32e58') in 0.019375 seconds 
  Import took 0.029739 seconds .

========================================================================
Received Import Request.
  Time since last request: 1393.119702 seconds.
  path: Assets/Scripts/Wall.cs
  artifactKey: Guid(8fc8ae7f660b1c8459e7f58106a5219c) Importer(815301076,1909f56bfc062723c751e8b465ee728b)
Start importing Assets/Scripts/Wall.cs using Guid(8fc8ae7f660b1c8459e7f58106a5219c) Importer(815301076,1909f56bfc062723c751e8b465ee728b)  -> (artifact id: 'b5cb509e03a2a0e44a630e57c3d65910') in 0.021095 seconds 
  Import took 0.029544 seconds .

========================================================================
Received Import Request.
  Time since last request: 0.007272 seconds.
  path: Assets/Scripts/Wall.cs
  artifactKey: Guid(8fc8ae7f660b1c8459e7f58106a5219c) Importer(815301076,1909f56bfc062723c751e8b465ee728b)
Start importing Assets/Scripts/Wall.cs using Guid(8fc8ae7f660b1c8459e7f58106a5219c) Importer(815301076,1909f56bfc062723c751e8b465ee728b)  -> (artifact id: 'b5cb509e03a2a0e44a630e57c3d65910') in 0.008807 seconds 
  Import took 0.016109 seconds .

========================================================================
Received Import Request.
  Time since last request: 2.631507 seconds.
  path: Assets/Scripts/PriorityQueue.cs
  artifactKey: Guid(16a70c9dfa00bb5458a259424f68bb88) Importer(815301076,1909f56bfc062723c751e8b465ee728b)
Start importing Assets/Scripts/PriorityQueue.cs using Guid(16a70c9dfa00bb5458a259424f68bb88) Importer(815301076,1909f56bfc062723c751e8b465ee728b)  -> (artifact id: '13498d5fb0e7fce0f81fae5491b08dbd') in 0.028069 seconds 
  Import took 0.037799 seconds .

========================================================================
Received Import Request.
  Time since last request: 44.111312 seconds.
  path: Assets/Scripts/PriorityQueue.cs
  artifactKey: Guid(16a70c9dfa00bb5458a259424f68bb88) Importer(815301076,1909f56bfc062723c751e8b465ee728b)
Start importing Assets/Scripts/PriorityQueue.cs using Guid(16a70c9dfa00bb5458a259424f68bb88) Importer(815301076,1909f56bfc062723c751e8b465ee728b)  -> (artifact id: 'dd7f785ccc9b02675e2ee1139e64fc1c') in 0.021895 seconds 
  Import took 0.032329 seconds .

========================================================================
Received Import Request.
  Time since last request: 0.008840 seconds.
  path: Assets/Scripts/PriorityQueue.cs
  artifactKey: Guid(16a70c9dfa00bb5458a259424f68bb88) Importer(815301076,1909f56bfc062723c751e8b465ee728b)
Start importing Assets/Scripts/PriorityQueue.cs using Guid(16a70c9dfa00bb5458a259424f68bb88) Importer(815301076,1909f56bfc062723c751e8b465ee728b)  -> (artifact id: 'dd7f785ccc9b02675e2ee1139e64fc1c') in 0.008547 seconds 
  Import took 0.014707 seconds .

========================================================================
Received Import Request.
  Time since last request: 112.949192 seconds.
  path: Assets/Scripts/PriorityQueue.cs
  artifactKey: Guid(16a70c9dfa00bb5458a259424f68bb88) Importer(815301076,1909f56bfc062723c751e8b465ee728b)
Start importing Assets/Scripts/PriorityQueue.cs using Guid(16a70c9dfa00bb5458a259424f68bb88) Importer(815301076,1909f56bfc062723c751e8b465ee728b)  -> (artifact id: '6b3f7ff648039f48b18330dbd11a8c2b') in 0.015560 seconds 
  Import took 0.024326 seconds .

========================================================================
Received Import Request.
  Time since last request: 0.002865 seconds.
  path: Assets/Scripts/PriorityQueue.cs
  artifactKey: Guid(16a70c9dfa00bb5458a259424f68bb88) Importer(815301076,1909f56bfc062723c751e8b465ee728b)
Start importing Assets/Scripts/PriorityQueue.cs using Guid(16a70c9dfa00bb5458a259424f68bb88) Importer(815301076,1909f56bfc062723c751e8b465ee728b)  -> (artifact id: '6b3f7ff648039f48b18330dbd11a8c2b') in 0.009473 seconds 
  Import took 0.017499 seconds .

========================================================================
Received Import Request.
  Time since last request: 68.694301 seconds.
  path: Assets/Scripts/PriorityQueue.cs
  artifactKey: Guid(16a70c9dfa00bb5458a259424f68bb88) Importer(815301076,1909f56bfc062723c751e8b465ee728b)
Start importing Assets/Scripts/PriorityQueue.cs using Guid(16a70c9dfa00bb5458a259424f68bb88) Importer(815301076,1909f56bfc062723c751e8b465ee728b)  -> (artifact id: '7da0c30fc62d157dcebf476be2015e76') in 0.028774 seconds 
  Import took 0.038196 seconds .

========================================================================
Received Import Request.
  Time since last request: 0.006158 seconds.
  path: Assets/Scripts/PriorityQueue.cs
  artifactKey: Guid(16a70c9dfa00bb5458a259424f68bb88) Importer(815301076,1909f56bfc062723c751e8b465ee728b)
Start importing Assets/Scripts/PriorityQueue.cs using Guid(16a70c9dfa00bb5458a259424f68bb88) Importer(815301076,1909f56bfc062723c751e8b465ee728b)  -> (artifact id: '7da0c30fc62d157dcebf476be2015e76') in 0.011507 seconds 
  Import took 0.018727 seconds .

========================================================================
Received Import Request.
  Time since last request: 8.964907 seconds.
  path: Assets/Scripts/PriorityQueue.cs
  artifactKey: Guid(16a70c9dfa00bb5458a259424f68bb88) Importer(815301076,1909f56bfc062723c751e8b465ee728b)
Start importing Assets/Scripts/PriorityQueue.cs using Guid(16a70c9dfa00bb5458a259424f68bb88) Importer(815301076,1909f56bfc062723c751e8b465ee728b)  -> (artifact id: '8287a57bd82efcfac2d930e5386cc625') in 0.010165 seconds 
  Import took 0.019373 seconds .

========================================================================
Received Import Request.
  Time since last request: 22.082412 seconds.
  path: Assets/Scripts/PriorityQueue.cs
  artifactKey: Guid(16a70c9dfa00bb5458a259424f68bb88) Importer(815301076,1909f56bfc062723c751e8b465ee728b)
Start importing Assets/Scripts/PriorityQueue.cs using Guid(16a70c9dfa00bb5458a259424f68bb88) Importer(815301076,1909f56bfc062723c751e8b465ee728b)  -> (artifact id: 'f5a9e7459897b58b5d6a88b259bca668') in 0.019830 seconds 
  Import took 0.027494 seconds .

========================================================================
Received Import Request.
  Time since last request: 13.099638 seconds.
  path: Assets/Scripts/PriorityQueue.cs
  artifactKey: Guid(16a70c9dfa00bb5458a259424f68bb88) Importer(815301076,1909f56bfc062723c751e8b465ee728b)
Start importing Assets/Scripts/PriorityQueue.cs using Guid(16a70c9dfa00bb5458a259424f68bb88) Importer(815301076,1909f56bfc062723c751e8b465ee728b)  -> (artifact id: 'e04b6d4d68111c72fee0d4b5cce0616e') in 0.018633 seconds 
  Import took 0.030767 seconds .

========================================================================
Received Prepare
Registering precompiled user dll's ...
Registered in 0.010917 seconds.
Begin MonoManager ReloadAssembly
Native extension for WindowsStandalone target not found
Native extension for WebGL target not found
Refreshing native plugins compatible for Editor in 1.05 ms, found 3 plugins.
Preloading 0 native plugins for Editor in 0.00 ms.
Mono: successfully reloaded assembly
- Completed reload, in  2.960 seconds
Domain Reload Profiling:
	ReloadAssembly (2962ms)
		BeginReloadAssembly (334ms)
			ExecutionOrderSort (0ms)
			DisableScriptedObjects (20ms)
			BackupInstance (0ms)
			ReleaseScriptingObjects (0ms)
			CreateAndSetChildDomain (130ms)
		EndReloadAssembly (2431ms)
			LoadAssemblies (300ms)
			RebuildTransferFunctionScriptingTraits (0ms)
			SetupTypeCache (778ms)
			ReleaseScriptCaches (2ms)
			RebuildScriptCaches (120ms)
			SetupLoadedEditorAssemblies (959ms)
				LogAssemblyErrors (0ms)
				InitializePlatformSupportModulesInManaged (14ms)
				SetLoadedEditorAssemblies (1ms)
				RefreshPlugins (1ms)
				BeforeProcessingInitializeOnLoad (330ms)
				ProcessInitializeOnLoadAttributes (568ms)
				ProcessInitializeOnLoadMethodAttributes (18ms)
				AfterProcessingInitializeOnLoad (25ms)
				EditorAssembliesLoaded (1ms)
			ExecutionOrderSort2 (0ms)
			AwakeInstancesAfterBackupRestoration (45ms)
Platform modules already initialized, skipping
Refreshing native plugins compatible for Editor in 1.16 ms, found 3 plugins.
Preloading 0 native plugins for Editor in 0.00 ms.
Unloading 2091 Unused Serialized files (Serialized files now loaded: 0)
System memory in use before: 93.3 MB.
System memory in use after: 93.3 MB.

Unloading 21 unused Assets to reduce memory usage. Loaded Objects now: 2534.
Total: 6.145100 ms (FindLiveObjects: 0.490400 ms CreateObjectMapping: 0.080300 ms MarkObjects: 5.112600 ms  DeleteObjects: 0.457900 ms)

AssetImportParameters requested are different than current active one (requested -> active):
  custom:framework-win-MediaFoundation: 216162199b28c13a410421893ffa2e32 -> 
  custom:video-decoder-ogg-theora: a1e56fd34408186e4bbccfd4996cb3dc -> 
  custom:container-muxer-webm: aa71ff27fc2769a1b78a27578f13a17b -> 
  custom:container-demuxer-webm: 4f35f7cbe854078d1ac9338744f61a02 -> 
  custom:container-demuxer-ogg: 62fdf1f143b41e24485cea50d1cbac27 -> 
  custom:video-encoder-webm-vp8: eb34c28f22e8b96e1ab97ce403110664 -> 
  custom:video-decoder-webm-vp8: 9c59270c3fd7afecdb556c50c9e8de78 -> 
  custom:audio-decoder-ogg-vorbis: bf7c407c2cedff20999df2af8eb42d56 -> 
  custom:audio-encoder-webm-vorbis: bf7c407c2cedff20999df2af8eb42d56 -> 
========================================================================
Received Prepare
Registering precompiled user dll's ...
Registered in 0.010271 seconds.
Begin MonoManager ReloadAssembly
Native extension for WindowsStandalone target not found
Native extension for WebGL target not found
Refreshing native plugins compatible for Editor in 1.76 ms, found 3 plugins.
Preloading 0 native plugins for Editor in 0.00 ms.
Mono: successfully reloaded assembly
- Completed reload, in  2.575 seconds
Domain Reload Profiling:
	ReloadAssembly (2576ms)
		BeginReloadAssembly (269ms)
			ExecutionOrderSort (0ms)
			DisableScriptedObjects (16ms)
			BackupInstance (0ms)
			ReleaseScriptingObjects (0ms)
			CreateAndSetChildDomain (82ms)
		EndReloadAssembly (2137ms)
			LoadAssemblies (225ms)
			RebuildTransferFunctionScriptingTraits (0ms)
			SetupTypeCache (670ms)
			ReleaseScriptCaches (3ms)
			RebuildScriptCaches (132ms)
			SetupLoadedEditorAssemblies (816ms)
				LogAssemblyErrors (0ms)
				InitializePlatformSupportModulesInManaged (15ms)
				SetLoadedEditorAssemblies (1ms)
				RefreshPlugins (2ms)
				BeforeProcessingInitializeOnLoad (256ms)
				ProcessInitializeOnLoadAttributes (494ms)
				ProcessInitializeOnLoadMethodAttributes (17ms)
				AfterProcessingInitializeOnLoad (30ms)
				EditorAssembliesLoaded (1ms)
			ExecutionOrderSort2 (0ms)
			AwakeInstancesAfterBackupRestoration (50ms)
Platform modules already initialized, skipping
Refreshing native plugins compatible for Editor in 0.97 ms, found 3 plugins.
Preloading 0 native plugins for Editor in 0.00 ms.
Unloading 2091 Unused Serialized files (Serialized files now loaded: 0)
System memory in use before: 93.3 MB.
System memory in use after: 93.3 MB.

Unloading 21 unused Assets to reduce memory usage. Loaded Objects now: 2538.
Total: 8.401300 ms (FindLiveObjects: 0.655700 ms CreateObjectMapping: 0.160400 ms MarkObjects: 7.303800 ms  DeleteObjects: 0.278700 ms)

AssetImportParameters requested are different than current active one (requested -> active):
  custom:framework-win-MediaFoundation: 216162199b28c13a410421893ffa2e32 -> 
  custom:video-decoder-ogg-theora: a1e56fd34408186e4bbccfd4996cb3dc -> 
  custom:container-muxer-webm: aa71ff27fc2769a1b78a27578f13a17b -> 
  custom:container-demuxer-webm: 4f35f7cbe854078d1ac9338744f61a02 -> 
  custom:container-demuxer-ogg: 62fdf1f143b41e24485cea50d1cbac27 -> 
  custom:video-encoder-webm-vp8: eb34c28f22e8b96e1ab97ce403110664 -> 
  custom:video-decoder-webm-vp8: 9c59270c3fd7afecdb556c50c9e8de78 -> 
  custom:audio-decoder-ogg-vorbis: bf7c407c2cedff20999df2af8eb42d56 -> 
  custom:audio-encoder-webm-vorbis: bf7c407c2cedff20999df2af8eb42d56 -> 
========================================================================
Received Import Request.
  Time since last request: 82.410117 seconds.
  path: Assets/Scripts/MazeManager.cs
  artifactKey: Guid(f9d26b13eb4845b469a72e0fc090dc2b) Importer(815301076,1909f56bfc062723c751e8b465ee728b)
Start importing Assets/Scripts/MazeManager.cs using Guid(f9d26b13eb4845b469a72e0fc090dc2b) Importer(815301076,1909f56bfc062723c751e8b465ee728b)  -> (artifact id: '8f9bb971a23da7ba333eb96f81ca9bcc') in 0.035478 seconds 
  Import took 0.044432 seconds .

========================================================================
Received Import Request.
  Time since last request: 0.077889 seconds.
  path: Assets/Scripts/MazeManager.cs
  artifactKey: Guid(f9d26b13eb4845b469a72e0fc090dc2b) Importer(815301076,1909f56bfc062723c751e8b465ee728b)
Start importing Assets/Scripts/MazeManager.cs using Guid(f9d26b13eb4845b469a72e0fc090dc2b) Importer(815301076,1909f56bfc062723c751e8b465ee728b)  -> (artifact id: '8f9bb971a23da7ba333eb96f81ca9bcc') in 0.009540 seconds 
  Import took 0.018783 seconds .

========================================================================
Received Prepare
Registering precompiled user dll's ...
Registered in 0.011134 seconds.
Begin MonoManager ReloadAssembly
Native extension for WindowsStandalone target not found
Native extension for WebGL target not found
Refreshing native plugins compatible for Editor in 1.01 ms, found 3 plugins.
Preloading 0 native plugins for Editor in 0.00 ms.
Mono: successfully reloaded assembly
- Completed reload, in  2.678 seconds
Domain Reload Profiling:
	ReloadAssembly (2679ms)
		BeginReloadAssembly (277ms)
			ExecutionOrderSort (0ms)
			DisableScriptedObjects (15ms)
			BackupInstance (0ms)
			ReleaseScriptingObjects (0ms)
			CreateAndSetChildDomain (94ms)
		EndReloadAssembly (2225ms)
			LoadAssemblies (260ms)
			RebuildTransferFunctionScriptingTraits (0ms)
			SetupTypeCache (645ms)
			ReleaseScriptCaches (4ms)
			RebuildScriptCaches (139ms)
			SetupLoadedEditorAssemblies (928ms)
				LogAssemblyErrors (0ms)
				InitializePlatformSupportModulesInManaged (15ms)
				SetLoadedEditorAssemblies (1ms)
				RefreshPlugins (1ms)
				BeforeProcessingInitializeOnLoad (242ms)
				ProcessInitializeOnLoadAttributes (632ms)
				ProcessInitializeOnLoadMethodAttributes (19ms)
				AfterProcessingInitializeOnLoad (18ms)
				EditorAssembliesLoaded (0ms)
			ExecutionOrderSort2 (0ms)
			AwakeInstancesAfterBackupRestoration (35ms)
Platform modules already initialized, skipping
Refreshing native plugins compatible for Editor in 1.00 ms, found 3 plugins.
Preloading 0 native plugins for Editor in 0.00 ms.
Unloading 2091 Unused Serialized files (Serialized files now loaded: 0)
System memory in use before: 93.4 MB.
System memory in use after: 93.3 MB.

Unloading 21 unused Assets to reduce memory usage. Loaded Objects now: 2542.
Total: 5.953800 ms (FindLiveObjects: 0.489200 ms CreateObjectMapping: 0.086000 ms MarkObjects: 5.089200 ms  DeleteObjects: 0.285000 ms)

AssetImportParameters requested are different than current active one (requested -> active):
  custom:framework-win-MediaFoundation: 216162199b28c13a410421893ffa2e32 -> 
  custom:video-decoder-ogg-theora: a1e56fd34408186e4bbccfd4996cb3dc -> 
  custom:container-muxer-webm: aa71ff27fc2769a1b78a27578f13a17b -> 
  custom:container-demuxer-webm: 4f35f7cbe854078d1ac9338744f61a02 -> 
  custom:container-demuxer-ogg: 62fdf1f143b41e24485cea50d1cbac27 -> 
  custom:video-encoder-webm-vp8: eb34c28f22e8b96e1ab97ce403110664 -> 
  custom:video-decoder-webm-vp8: 9c59270c3fd7afecdb556c50c9e8de78 -> 
  custom:audio-decoder-ogg-vorbis: bf7c407c2cedff20999df2af8eb42d56 -> 
  custom:audio-encoder-webm-vorbis: bf7c407c2cedff20999df2af8eb42d56 -> 
========================================================================
Received Prepare
Registering precompiled user dll's ...
Registered in 0.012548 seconds.
Begin MonoManager ReloadAssembly
Native extension for WindowsStandalone target not found
Native extension for WebGL target not found
Refreshing native plugins compatible for Editor in 1.13 ms, found 3 plugins.
Preloading 0 native plugins for Editor in 0.00 ms.
Mono: successfully reloaded assembly
- Completed reload, in  2.795 seconds
Domain Reload Profiling:
	ReloadAssembly (2796ms)
		BeginReloadAssembly (331ms)
			ExecutionOrderSort (0ms)
			DisableScriptedObjects (16ms)
			BackupInstance (0ms)
			ReleaseScriptingObjects (0ms)
			CreateAndSetChildDomain (95ms)
		EndReloadAssembly (2249ms)
			LoadAssemblies (279ms)
			RebuildTransferFunctionScriptingTraits (0ms)
			SetupTypeCache (681ms)
			ReleaseScriptCaches (2ms)
			RebuildScriptCaches (126ms)
			SetupLoadedEditorAssemblies (889ms)
				LogAssemblyErrors (0ms)
				InitializePlatformSupportModulesInManaged (14ms)
				SetLoadedEditorAssemblies (1ms)
				RefreshPlugins (1ms)
				BeforeProcessingInitializeOnLoad (280ms)
				ProcessInitializeOnLoadAttributes (552ms)
				ProcessInitializeOnLoadMethodAttributes (21ms)
				AfterProcessingInitializeOnLoad (20ms)
				EditorAssembliesLoaded (1ms)
			ExecutionOrderSort2 (0ms)
			AwakeInstancesAfterBackupRestoration (32ms)
Platform modules already initialized, skipping
Refreshing native plugins compatible for Editor in 1.10 ms, found 3 plugins.
Preloading 0 native plugins for Editor in 0.00 ms.
Unloading 2091 Unused Serialized files (Serialized files now loaded: 0)
System memory in use before: 93.4 MB.
System memory in use after: 93.4 MB.

Unloading 21 unused Assets to reduce memory usage. Loaded Objects now: 2546.
Total: 6.393900 ms (FindLiveObjects: 0.490200 ms CreateObjectMapping: 0.126200 ms MarkObjects: 5.475400 ms  DeleteObjects: 0.299100 ms)

AssetImportParameters requested are different than current active one (requested -> active):
  custom:framework-win-MediaFoundation: 216162199b28c13a410421893ffa2e32 -> 
  custom:video-decoder-ogg-theora: a1e56fd34408186e4bbccfd4996cb3dc -> 
  custom:container-muxer-webm: aa71ff27fc2769a1b78a27578f13a17b -> 
  custom:container-demuxer-webm: 4f35f7cbe854078d1ac9338744f61a02 -> 
  custom:container-demuxer-ogg: 62fdf1f143b41e24485cea50d1cbac27 -> 
  custom:video-encoder-webm-vp8: eb34c28f22e8b96e1ab97ce403110664 -> 
  custom:video-decoder-webm-vp8: 9c59270c3fd7afecdb556c50c9e8de78 -> 
  custom:audio-decoder-ogg-vorbis: bf7c407c2cedff20999df2af8eb42d56 -> 
  custom:audio-encoder-webm-vorbis: bf7c407c2cedff20999df2af8eb42d56 -> 
AssetImportWorkerClient::OnTransportError - code=2 error=End of file
